<?xml version="1.0" encoding="UTF-8"?>
<testsuite name="com.webproject1.springboot.web.HelloControllerTest" tests="2" skipped="0" failures="0" errors="0" timestamp="2023-05-21T11:53:53" hostname="LAPTOP-C5D2E410" time="0.599">
  <properties/>
  <testcase name="hello가_리턴된다" classname="com.webproject1.springboot.web.HelloControllerTest" time="0.493"/>
  <testcase name="helloDto가_리턴된다" classname="com.webproject1.springboot.web.HelloControllerTest" time="0.105"/>
  <system-out><![CDATA[20:53:49.956 [Test worker] DEBUG org.springframework.test.context.junit4.SpringJUnit4ClassRunner - SpringJUnit4ClassRunner constructor called with [class com.webproject1.springboot.web.HelloControllerTest]
20:53:49.970 [Test worker] DEBUG org.springframework.test.context.BootstrapUtils - Instantiating CacheAwareContextLoaderDelegate from class [org.springframework.test.context.cache.DefaultCacheAwareContextLoaderDelegate]
20:53:49.978 [Test worker] DEBUG org.springframework.test.context.BootstrapUtils - Instantiating BootstrapContext using constructor [public org.springframework.test.context.support.DefaultBootstrapContext(java.lang.Class,org.springframework.test.context.CacheAwareContextLoaderDelegate)]
20:53:49.998 [Test worker] DEBUG org.springframework.test.context.BootstrapUtils - Instantiating TestContextBootstrapper for test class [com.webproject1.springboot.web.HelloControllerTest] from class [org.springframework.boot.test.autoconfigure.web.servlet.WebMvcTestContextBootstrapper]
20:53:50.019 [Test worker] INFO org.springframework.boot.test.autoconfigure.web.servlet.WebMvcTestContextBootstrapper - Neither @ContextConfiguration nor @ContextHierarchy found for test class [com.webproject1.springboot.web.HelloControllerTest], using SpringBootContextLoader
20:53:50.023 [Test worker] DEBUG org.springframework.test.context.support.AbstractContextLoader - Did not detect default resource location for test class [com.webproject1.springboot.web.HelloControllerTest]: class path resource [com/webproject1/springboot/web/HelloControllerTest-context.xml] does not exist
20:53:50.024 [Test worker] DEBUG org.springframework.test.context.support.AbstractContextLoader - Did not detect default resource location for test class [com.webproject1.springboot.web.HelloControllerTest]: class path resource [com/webproject1/springboot/web/HelloControllerTestContext.groovy] does not exist
20:53:50.024 [Test worker] INFO org.springframework.test.context.support.AbstractContextLoader - Could not detect default resource locations for test class [com.webproject1.springboot.web.HelloControllerTest]: no resource found for suffixes {-context.xml, Context.groovy}.
20:53:50.025 [Test worker] INFO org.springframework.test.context.support.AnnotationConfigContextLoaderUtils - Could not detect default configuration classes for test class [com.webproject1.springboot.web.HelloControllerTest]: HelloControllerTest does not declare any static, non-private, non-final, nested classes annotated with @Configuration.
20:53:50.118 [Test worker] DEBUG org.springframework.test.context.support.ActiveProfilesUtils - Could not find an 'annotation declaring class' for annotation type [org.springframework.test.context.ActiveProfiles] and class [com.webproject1.springboot.web.HelloControllerTest]
20:53:50.215 [Test worker] DEBUG org.springframework.context.annotation.ClassPathScanningCandidateComponentProvider - Identified candidate component class: file [C:\webProjectReact\webproject1\build\classes\java\main\com\webproject1\springboot\Application.class]
20:53:50.217 [Test worker] INFO org.springframework.boot.test.context.SpringBootTestContextBootstrapper - Found @SpringBootConfiguration com.webproject1.springboot.Application for test class com.webproject1.springboot.web.HelloControllerTest
20:53:50.221 [Test worker] DEBUG org.springframework.boot.test.autoconfigure.web.servlet.WebMvcTestContextBootstrapper - @TestExecutionListeners is not present for class [com.webproject1.springboot.web.HelloControllerTest]: using defaults.
20:53:50.222 [Test worker] INFO org.springframework.boot.test.autoconfigure.web.servlet.WebMvcTestContextBootstrapper - Loaded default TestExecutionListener class names from location [META-INF/spring.factories]: [org.springframework.security.test.context.support.WithSecurityContextTestExecutionListener, org.springframework.security.test.context.support.ReactorContextTestExecutionListener, org.springframework.boot.test.autoconfigure.restdocs.RestDocsTestExecutionListener, org.springframework.boot.test.autoconfigure.web.client.MockRestServiceServerResetTestExecutionListener, org.springframework.boot.test.autoconfigure.web.servlet.MockMvcPrintOnlyOnFailureTestExecutionListener, org.springframework.boot.test.autoconfigure.web.servlet.WebDriverTestExecutionListener, org.springframework.boot.test.mock.mockito.MockitoTestExecutionListener, org.springframework.boot.test.mock.mockito.ResetMocksTestExecutionListener, org.springframework.test.context.web.ServletTestExecutionListener, org.springframework.test.context.support.DirtiesContextBeforeModesTestExecutionListener, org.springframework.test.context.support.DependencyInjectionTestExecutionListener, org.springframework.test.context.support.DirtiesContextTestExecutionListener, org.springframework.test.context.transaction.TransactionalTestExecutionListener, org.springframework.test.context.jdbc.SqlScriptsTestExecutionListener]
20:53:50.259 [Test worker] INFO org.springframework.boot.test.autoconfigure.web.servlet.WebMvcTestContextBootstrapper - Using TestExecutionListeners: [org.springframework.test.context.web.ServletTestExecutionListener@981df17, org.springframework.test.context.support.DirtiesContextBeforeModesTestExecutionListener@496b4fc2, org.springframework.boot.test.mock.mockito.MockitoTestExecutionListener@2a6343bf, org.springframework.boot.test.autoconfigure.SpringBootDependencyInjectionTestExecutionListener@2e8ba375, org.springframework.test.context.support.DirtiesContextTestExecutionListener@2975a8d4, org.springframework.test.context.transaction.TransactionalTestExecutionListener@3a73e767, org.springframework.test.context.jdbc.SqlScriptsTestExecutionListener@abd252d, org.springframework.security.test.context.support.WithSecurityContextTestExecutionListener@79deaf04, org.springframework.security.test.context.support.ReactorContextTestExecutionListener@7d699be3, org.springframework.boot.test.autoconfigure.restdocs.RestDocsTestExecutionListener@588413f6, org.springframework.boot.test.autoconfigure.web.client.MockRestServiceServerResetTestExecutionListener@3b73c186, org.springframework.boot.test.autoconfigure.web.servlet.MockMvcPrintOnlyOnFailureTestExecutionListener@3759ef63, org.springframework.boot.test.autoconfigure.web.servlet.WebDriverTestExecutionListener@65ecce8, org.springframework.boot.test.mock.mockito.ResetMocksTestExecutionListener@7e3d7476]
20:53:50.263 [Test worker] DEBUG org.springframework.test.annotation.ProfileValueUtils - Retrieved @ProfileValueSourceConfiguration [null] for test class [com.webproject1.springboot.web.HelloControllerTest]
20:53:50.264 [Test worker] DEBUG org.springframework.test.annotation.ProfileValueUtils - Retrieved ProfileValueSource type [class org.springframework.test.annotation.SystemProfileValueSource] for class [com.webproject1.springboot.web.HelloControllerTest]
20:53:50.268 [Test worker] DEBUG org.springframework.test.annotation.ProfileValueUtils - Retrieved @ProfileValueSourceConfiguration [null] for test class [com.webproject1.springboot.web.HelloControllerTest]
20:53:50.268 [Test worker] DEBUG org.springframework.test.annotation.ProfileValueUtils - Retrieved ProfileValueSource type [class org.springframework.test.annotation.SystemProfileValueSource] for class [com.webproject1.springboot.web.HelloControllerTest]
20:53:50.269 [Test worker] DEBUG org.springframework.test.annotation.ProfileValueUtils - Retrieved @ProfileValueSourceConfiguration [null] for test class [com.webproject1.springboot.web.HelloControllerTest]
20:53:50.269 [Test worker] DEBUG org.springframework.test.annotation.ProfileValueUtils - Retrieved ProfileValueSource type [class org.springframework.test.annotation.SystemProfileValueSource] for class [com.webproject1.springboot.web.HelloControllerTest]
20:53:50.274 [Test worker] DEBUG org.springframework.test.context.support.AbstractDirtiesContextTestExecutionListener - Before test class: context [DefaultTestContext@6a95627f testClass = HelloControllerTest, testInstance = [null], testMethod = [null], testException = [null], mergedContextConfiguration = [WebMergedContextConfiguration@15ca12be testClass = HelloControllerTest, locations = '{}', classes = '{class com.webproject1.springboot.Application}', contextInitializerClasses = '[]', activeProfiles = '{}', propertySourceLocations = '{}', propertySourceProperties = '{org.springframework.boot.test.autoconfigure.web.servlet.WebMvcTestContextBootstrapper=true}', contextCustomizers = set[org.springframework.boot.test.autoconfigure.OverrideAutoConfigurationContextCustomizerFactory$DisableAutoConfigurationContextCustomizer@f767a26, org.springframework.boot.test.autoconfigure.filter.TypeExcludeFiltersContextCustomizer@1f1f2f80, org.springframework.boot.test.autoconfigure.properties.PropertyMappingContextCustomizer@a5a2357, org.springframework.boot.test.autoconfigure.web.servlet.WebDriverContextCustomizerFactory$Customizer@14b70098, [ImportsContextCustomizer@2c6670b1 key = [org.springframework.boot.autoconfigure.cache.CacheAutoConfiguration, org.springframework.boot.autoconfigure.context.MessageSourceAutoConfiguration, org.springframework.boot.autoconfigure.data.web.SpringDataWebAutoConfiguration, org.springframework.boot.autoconfigure.freemarker.FreeMarkerAutoConfiguration, org.springframework.boot.autoconfigure.groovy.template.GroovyTemplateAutoConfiguration, org.springframework.boot.autoconfigure.gson.GsonAutoConfiguration, org.springframework.boot.autoconfigure.hateoas.HypermediaAutoConfiguration, org.springframework.boot.autoconfigure.http.HttpMessageConvertersAutoConfiguration, org.springframework.boot.autoconfigure.jackson.JacksonAutoConfiguration, org.springframework.boot.autoconfigure.jsonb.JsonbAutoConfiguration, org.springframework.boot.autoconfigure.mustache.MustacheAutoConfiguration, org.springframework.boot.autoconfigure.task.TaskExecutionAutoConfiguration, org.springframework.boot.autoconfigure.thymeleaf.ThymeleafAutoConfiguration, org.springframework.boot.autoconfigure.validation.ValidationAutoConfiguration, org.springframework.boot.autoconfigure.web.servlet.error.ErrorMvcAutoConfiguration, org.springframework.boot.autoconfigure.web.servlet.WebMvcAutoConfiguration, org.springframework.boot.test.autoconfigure.web.servlet.MockMvcAutoConfiguration, org.springframework.boot.test.autoconfigure.web.servlet.MockMvcSecurityAutoConfiguration, org.springframework.boot.test.autoconfigure.web.servlet.MockMvcWebClientAutoConfiguration, org.springframework.boot.test.autoconfigure.web.servlet.MockMvcWebDriverAutoConfiguration]], org.springframework.boot.test.context.filter.ExcludeFilterContextCustomizer@71e88d61, org.springframework.boot.test.json.DuplicateJsonObjectContextCustomizerFactory$DuplicateJsonObjectContextCustomizer@3ee97737, org.springframework.boot.test.mock.mockito.MockitoContextCustomizer@0], resourceBasePath = 'src/main/webapp', contextLoader = 'org.springframework.boot.test.context.SpringBootContextLoader', parent = [null]], attributes = map[[empty]]], class annotated with @DirtiesContext [false] with mode [null].
20:53:50.275 [Test worker] DEBUG org.springframework.test.annotation.ProfileValueUtils - Retrieved @ProfileValueSourceConfiguration [null] for test class [com.webproject1.springboot.web.HelloControllerTest]
20:53:50.276 [Test worker] DEBUG org.springframework.test.annotation.ProfileValueUtils - Retrieved ProfileValueSource type [class org.springframework.test.annotation.SystemProfileValueSource] for class [com.webproject1.springboot.web.HelloControllerTest]
20:53:50.283 [Test worker] DEBUG org.springframework.test.context.support.DependencyInjectionTestExecutionListener - Performing dependency injection for test context [[DefaultTestContext@6a95627f testClass = HelloControllerTest, testInstance = com.webproject1.springboot.web.HelloControllerTest@68538768, testMethod = [null], testException = [null], mergedContextConfiguration = [WebMergedContextConfiguration@15ca12be testClass = HelloControllerTest, locations = '{}', classes = '{class com.webproject1.springboot.Application}', contextInitializerClasses = '[]', activeProfiles = '{}', propertySourceLocations = '{}', propertySourceProperties = '{org.springframework.boot.test.autoconfigure.web.servlet.WebMvcTestContextBootstrapper=true}', contextCustomizers = set[org.springframework.boot.test.autoconfigure.OverrideAutoConfigurationContextCustomizerFactory$DisableAutoConfigurationContextCustomizer@f767a26, org.springframework.boot.test.autoconfigure.filter.TypeExcludeFiltersContextCustomizer@1f1f2f80, org.springframework.boot.test.autoconfigure.properties.PropertyMappingContextCustomizer@a5a2357, org.springframework.boot.test.autoconfigure.web.servlet.WebDriverContextCustomizerFactory$Customizer@14b70098, [ImportsContextCustomizer@2c6670b1 key = [org.springframework.boot.autoconfigure.cache.CacheAutoConfiguration, org.springframework.boot.autoconfigure.context.MessageSourceAutoConfiguration, org.springframework.boot.autoconfigure.data.web.SpringDataWebAutoConfiguration, org.springframework.boot.autoconfigure.freemarker.FreeMarkerAutoConfiguration, org.springframework.boot.autoconfigure.groovy.template.GroovyTemplateAutoConfiguration, org.springframework.boot.autoconfigure.gson.GsonAutoConfiguration, org.springframework.boot.autoconfigure.hateoas.HypermediaAutoConfiguration, org.springframework.boot.autoconfigure.http.HttpMessageConvertersAutoConfiguration, org.springframework.boot.autoconfigure.jackson.JacksonAutoConfiguration, org.springframework.boot.autoconfigure.jsonb.JsonbAutoConfiguration, org.springframework.boot.autoconfigure.mustache.MustacheAutoConfiguration, org.springframework.boot.autoconfigure.task.TaskExecutionAutoConfiguration, org.springframework.boot.autoconfigure.thymeleaf.ThymeleafAutoConfiguration, org.springframework.boot.autoconfigure.validation.ValidationAutoConfiguration, org.springframework.boot.autoconfigure.web.servlet.error.ErrorMvcAutoConfiguration, org.springframework.boot.autoconfigure.web.servlet.WebMvcAutoConfiguration, org.springframework.boot.test.autoconfigure.web.servlet.MockMvcAutoConfiguration, org.springframework.boot.test.autoconfigure.web.servlet.MockMvcSecurityAutoConfiguration, org.springframework.boot.test.autoconfigure.web.servlet.MockMvcWebClientAutoConfiguration, org.springframework.boot.test.autoconfigure.web.servlet.MockMvcWebDriverAutoConfiguration]], org.springframework.boot.test.context.filter.ExcludeFilterContextCustomizer@71e88d61, org.springframework.boot.test.json.DuplicateJsonObjectContextCustomizerFactory$DuplicateJsonObjectContextCustomizer@3ee97737, org.springframework.boot.test.mock.mockito.MockitoContextCustomizer@0], resourceBasePath = 'src/main/webapp', contextLoader = 'org.springframework.boot.test.context.SpringBootContextLoader', parent = [null]], attributes = map[[empty]]]].
20:53:50.422 [Test worker] DEBUG org.springframework.test.context.support.TestPropertySourceUtils - Adding inlined properties to environment: {spring.jmx.enabled=false, org.springframework.boot.test.autoconfigure.web.servlet.WebMvcTestContextBootstrapper=true, server.port=-1}

  .   ____          _            __ _ _
 /\\ / ___'_ __ _ _(_)_ __  __ _ \ \ \ \
( ( )\___ | '_ | '_| | '_ \/ _` | \ \ \ \
 \\/  ___)| |_)| | | | | || (_| |  ) ) ) )
  '  |____| .__|_| |_|_| |_\__, | / / / /
 =========|_|==============|___/=/_/_/_/
 :: Spring Boot ::        (v2.1.7.RELEASE)

2023-05-21 20:53:50.794  INFO 3064 --- [    Test worker] c.w.springboot.web.HelloControllerTest   : Starting HelloControllerTest on LAPTOP-C5D2E410 with PID 3064 (started by 82105 in C:\webProjectReact\webproject1)
2023-05-21 20:53:50.798  INFO 3064 --- [    Test worker] c.w.springboot.web.HelloControllerTest   : No active profile set, falling back to default profiles: default
2023-05-21 20:53:52.430  INFO 3064 --- [    Test worker] o.s.s.concurrent.ThreadPoolTaskExecutor  : Initializing ExecutorService 'applicationTaskExecutor'
2023-05-21 20:53:52.547  INFO 3064 --- [    Test worker] o.s.b.a.w.s.WelcomePageHandlerMapping    : Adding welcome page template: index
2023-05-21 20:53:52.951  INFO 3064 --- [    Test worker] .s.s.UserDetailsServiceAutoConfiguration : 

Using generated security password: 0b0a15a0-e933-45e7-8a03-52c8180dec29

2023-05-21 20:53:53.201  INFO 3064 --- [    Test worker] o.s.s.web.DefaultSecurityFilterChain     : Creating filter chain: any request, [org.springframework.security.web.context.request.async.WebAsyncManagerIntegrationFilter@2fd8f5b0, org.springframework.security.web.context.SecurityContextPersistenceFilter@18e05947, org.springframework.security.web.header.HeaderWriterFilter@2d0b3fe3, org.springframework.security.web.csrf.CsrfFilter@67bd86e7, org.springframework.security.web.authentication.logout.LogoutFilter@7396ee0b, org.springframework.security.web.authentication.UsernamePasswordAuthenticationFilter@747ebfea, org.springframework.security.web.authentication.ui.DefaultLoginPageGeneratingFilter@7ad2cb2f, org.springframework.security.web.authentication.ui.DefaultLogoutPageGeneratingFilter@7aa47d4c, org.springframework.security.web.authentication.www.BasicAuthenticationFilter@732e250d, org.springframework.security.web.savedrequest.RequestCacheAwareFilter@216402f5, org.springframework.security.web.servletapi.SecurityContextHolderAwareRequestFilter@3ec091f3, org.springframework.security.web.authentication.AnonymousAuthenticationFilter@f3630d7, org.springframework.security.web.session.SessionManagementFilter@36ec3979, org.springframework.security.web.access.ExceptionTranslationFilter@4f5b90de, org.springframework.security.web.access.intercept.FilterSecurityInterceptor@6ed66c28]
2023-05-21 20:53:53.256  INFO 3064 --- [    Test worker] o.s.b.t.m.w.SpringBootMockServletContext : Initializing Spring TestDispatcherServlet ''
2023-05-21 20:53:53.256  INFO 3064 --- [    Test worker] o.s.t.web.servlet.TestDispatcherServlet  : Initializing Servlet ''
2023-05-21 20:53:53.268  INFO 3064 --- [    Test worker] o.s.t.web.servlet.TestDispatcherServlet  : Completed initialization in 11 ms
2023-05-21 20:53:53.335  INFO 3064 --- [    Test worker] c.w.springboot.web.HelloControllerTest   : Started HelloControllerTest in 2.901 seconds (JVM running for 4.5)
]]></system-out>
  <system-err><![CDATA[]]></system-err>
</testsuite>
